2024-07-25 00:49:25,606 - log - INFO - Function: test_mods_all was called
2024-07-25 00:49:25,607 - log - INFO - Args:
2024-07-25 00:49:25,607 - log - INFO - Arg: test_mods_all
2024-07-25 00:49:25,607 - log - INFO - Arg: C:/Users/Mythical/Documents/GitHub/ZedfestModdingKit/Plugins/UnrealAutoMod/Resources/UnrealAutoMod/default/settings.json
2024-07-25 00:49:26,182 - log - INFO - Script State: changed to ScriptStateType.INIT
2024-07-25 00:49:26,182 - log - INFO - Routine Check: ScriptStateType.INIT is running
2024-07-25 00:49:26,182 - log - INFO - Routine Check: ScriptStateType.INIT finished
2024-07-25 00:49:26,182 - log - INFO - Routine Check: ScriptStateType.PRE_ALL is running
2024-07-25 00:49:26,182 - log - INFO - Routine Check: ScriptStateType.PRE_ALL finished
2024-07-25 00:49:26,183 - log - INFO - Routine Check: ScriptStateType.POST_ALL is running
2024-07-25 00:49:26,183 - log - INFO - Routine Check: ScriptStateType.POST_ALL finished
2024-07-25 00:49:26,183 - log - INFO - Thread: Constant Thread Started
2024-07-25 00:49:26,183 - log - INFO - Script State: changed to ScriptStateType.POST_INIT
2024-07-25 00:49:26,183 - log - INFO - Routine Check: ScriptStateType.POST_INIT is running
2024-07-25 00:49:26,184 - log - INFO - Routine Check: ScriptStateType.POST_INIT finished
2024-07-25 00:49:26,184 - log - INFO - Routine Check: ScriptStateType.PRE_ALL is running
2024-07-25 00:49:26,184 - log - INFO - Routine Check: ScriptStateType.PRE_ALL finished
2024-07-25 00:49:26,184 - log - INFO - Routine Check: ScriptStateType.POST_ALL is running
2024-07-25 00:49:26,184 - log - INFO - Routine Check: ScriptStateType.POST_ALL finished
2024-07-25 00:49:26,185 - log - INFO - Script State: changed to ScriptStateType.PRE_COOKING
2024-07-25 00:49:26,185 - log - INFO - Routine Check: ScriptStateType.PRE_COOKING is running
2024-07-25 00:49:26,185 - log - INFO - Routine Check: ScriptStateType.PRE_COOKING finished
2024-07-25 00:49:26,185 - log - INFO - Routine Check: ScriptStateType.PRE_ALL is running
2024-07-25 00:49:26,185 - log - INFO - Routine Check: ScriptStateType.PRE_ALL finished
2024-07-25 00:49:26,185 - log - INFO - Routine Check: ScriptStateType.POST_ALL is running
2024-07-25 00:49:26,186 - log - INFO - Routine Check: ScriptStateType.POST_ALL finished
2024-07-25 00:49:26,186 - log - INFO - Command: Engine\Build\BatchFiles\RunUAT.bat BuildCookRun -project="C:/Users/Mythical/Documents/Github/ZedfestModdingKit/KevinSpel.uproject" -noP4 -cook -iterate -skipstage -nocompileeditor -nodebuginfo -unversionedcookedcontent -build running with the ExecutionMode.SYNC enum
2024-07-25 00:53:50,979 - log - INFO - Command: Engine\Build\BatchFiles\RunUAT.bat BuildCookRun -project="C:/Users/Mythical/Documents/Github/ZedfestModdingKit/KevinSpel.uproject" -noP4 -cook -iterate -skipstage -nocompileeditor -nodebuginfo -unversionedcookedcontent -build finished
2024-07-25 00:53:51,008 - log - INFO - Script State: changed to ScriptStateType.POST_COOKING
2024-07-25 00:53:51,027 - log - INFO - Routine Check: ScriptStateType.POST_COOKING is running
2024-07-25 00:53:51,057 - log - INFO - Routine Check: ScriptStateType.POST_COOKING finished
2024-07-25 00:53:51,090 - log - INFO - Routine Check: ScriptStateType.PRE_ALL is running
2024-07-25 00:53:51,117 - log - INFO - Routine Check: ScriptStateType.PRE_ALL finished
2024-07-25 00:53:51,149 - log - INFO - Routine Check: ScriptStateType.POST_ALL is running
2024-07-25 00:53:51,181 - log - INFO - Routine Check: ScriptStateType.POST_ALL finished
2024-07-25 00:53:51,212 - log - INFO - Script State: changed to ScriptStateType.PRE_MODS_UNINSTALL
2024-07-25 00:53:51,244 - log - INFO - Routine Check: ScriptStateType.PRE_MODS_UNINSTALL is running
2024-07-25 00:53:51,274 - log - INFO - Routine Check: ScriptStateType.PRE_MODS_UNINSTALL finished
2024-07-25 00:53:51,306 - log - INFO - Routine Check: ScriptStateType.PRE_ALL is running
2024-07-25 00:53:51,353 - log - INFO - Routine Check: ScriptStateType.PRE_ALL finished
2024-07-25 00:53:51,388 - log - INFO - Routine Check: ScriptStateType.POST_ALL is running
2024-07-25 00:53:51,419 - log - INFO - Routine Check: ScriptStateType.POST_ALL finished
2024-07-25 00:53:51,463 - log - INFO - Script State: changed to ScriptStateType.POST_MODS_UNINSTALL
2024-07-25 00:53:51,494 - log - INFO - Routine Check: ScriptStateType.POST_MODS_UNINSTALL is running
2024-07-25 00:53:51,542 - log - INFO - Routine Check: ScriptStateType.POST_MODS_UNINSTALL finished
2024-07-25 00:53:51,575 - log - INFO - Routine Check: ScriptStateType.PRE_ALL is running
2024-07-25 00:53:51,605 - log - INFO - Routine Check: ScriptStateType.PRE_ALL finished
2024-07-25 00:53:51,634 - log - INFO - Routine Check: ScriptStateType.POST_ALL is running
2024-07-25 00:53:51,666 - log - INFO - Routine Check: ScriptStateType.POST_ALL finished
2024-07-25 00:53:51,693 - log - INFO - Script State: changed to ScriptStateType.PRE_MODS_INSTALL
2024-07-25 00:53:51,723 - log - INFO - Routine Check: ScriptStateType.PRE_MODS_INSTALL is running
2024-07-25 00:53:51,753 - log - INFO - Routine Check: ScriptStateType.PRE_MODS_INSTALL finished
2024-07-25 00:53:51,783 - log - INFO - Routine Check: ScriptStateType.PRE_ALL is running
2024-07-25 00:53:51,815 - log - INFO - Routine Check: ScriptStateType.PRE_ALL finished
2024-07-25 00:53:51,846 - log - INFO - Routine Check: ScriptStateType.POST_ALL is running
2024-07-25 00:53:51,873 - log - INFO - Routine Check: ScriptStateType.POST_ALL finished
2024-07-25 00:53:51,904 - log - INFO - Script State: changed to ScriptStateType.PRE_PAK_DIR_SETUP
2024-07-25 00:53:51,913 - log - INFO - Routine Check: ScriptStateType.PRE_PAK_DIR_SETUP is running
2024-07-25 00:53:51,913 - log - INFO - Routine Check: ScriptStateType.PRE_PAK_DIR_SETUP finished
2024-07-25 00:53:51,913 - log - INFO - Routine Check: ScriptStateType.PRE_ALL is running
2024-07-25 00:53:51,913 - log - INFO - Routine Check: ScriptStateType.PRE_ALL finished
2024-07-25 00:53:51,914 - log - INFO - Routine Check: ScriptStateType.POST_ALL is running
2024-07-25 00:53:51,914 - log - INFO - Routine Check: ScriptStateType.POST_ALL finished
2024-07-25 00:54:24,552 - log - INFO - Script State: changed to ScriptStateType.POST_PAK_DIR_SETUP
2024-07-25 00:54:24,583 - log - INFO - Routine Check: ScriptStateType.POST_PAK_DIR_SETUP is running
2024-07-25 00:54:24,614 - log - INFO - Routine Check: ScriptStateType.POST_PAK_DIR_SETUP finished
2024-07-25 00:54:24,645 - log - INFO - Routine Check: ScriptStateType.PRE_ALL is running
2024-07-25 00:54:24,692 - log - INFO - Routine Check: ScriptStateType.PRE_ALL finished
2024-07-25 00:54:24,723 - log - INFO - Routine Check: ScriptStateType.POST_ALL is running
2024-07-25 00:54:24,767 - log - INFO - Routine Check: ScriptStateType.POST_ALL finished
2024-07-25 00:54:24,800 - log - INFO - Command: "C:/modding/unreal_engine/repak/repak.exe" pack "C:\Users\Mythical\Documents\GitHub\ZedfestModdingKit\Plugins\UnrealAutoMod\Resources\UnrealAutoMod/working_dir/ModLoader_P" "D:/SteamLibrary/steamapps/common/Zedfest/KevinSpel/Content/Paks/~mods/ModLoader_P.pak" --compression Zlib --version V8A running with the ExecutionMode.SYNC enum
2024-07-25 00:54:26,230 - log - INFO - Command: "C:/modding/unreal_engine/repak/repak.exe" pack "C:\Users\Mythical\Documents\GitHub\ZedfestModdingKit\Plugins\UnrealAutoMod\Resources\UnrealAutoMod/working_dir/ModLoader_P" "D:/SteamLibrary/steamapps/common/Zedfest/KevinSpel/Content/Paks/~mods/ModLoader_P.pak" --compression Zlib --version V8A finished
2024-07-25 00:54:26,247 - log - INFO - Command: "C:/modding/unreal_engine/repak/repak.exe" pack "C:\Users\Mythical\Documents\GitHub\ZedfestModdingKit\Plugins\UnrealAutoMod\Resources\UnrealAutoMod/working_dir/MapKit" "D:/SteamLibrary/steamapps/common/Zedfest/KevinSpel/Content/Paks/~mods/MapKit.pak" --compression Zlib --version V8A running with the ExecutionMode.SYNC enum
2024-07-25 00:54:26,501 - log - INFO - Command: "C:/modding/unreal_engine/repak/repak.exe" pack "C:\Users\Mythical\Documents\GitHub\ZedfestModdingKit\Plugins\UnrealAutoMod\Resources\UnrealAutoMod/working_dir/MapKit" "D:/SteamLibrary/steamapps/common/Zedfest/KevinSpel/Content/Paks/~mods/MapKit.pak" --compression Zlib --version V8A finished
2024-07-25 00:54:26,529 - log - INFO - Command: "C:/modding/unreal_engine/repak/repak.exe" pack "C:\Users\Mythical\Documents\GitHub\ZedfestModdingKit\Plugins\UnrealAutoMod\Resources\UnrealAutoMod/working_dir/KakarikoGraveyardLevel" "D:/SteamLibrary/steamapps/common/Zedfest/KevinSpel/Content/Paks/~mods/KakarikoGraveyardLevel.pak" --compression Zlib --version V8A running with the ExecutionMode.SYNC enum
2024-07-25 00:54:26,774 - log - INFO - Command: "C:/modding/unreal_engine/repak/repak.exe" pack "C:\Users\Mythical\Documents\GitHub\ZedfestModdingKit\Plugins\UnrealAutoMod\Resources\UnrealAutoMod/working_dir/KakarikoGraveyardLevel" "D:/SteamLibrary/steamapps/common/Zedfest/KevinSpel/Content/Paks/~mods/KakarikoGraveyardLevel.pak" --compression Zlib --version V8A finished
2024-07-25 00:54:26,806 - log - INFO - Script State: changed to ScriptStateType.POST_MODS_INSTALL
2024-07-25 00:54:26,806 - log - INFO - Routine Check: ScriptStateType.POST_MODS_INSTALL is running
2024-07-25 00:54:26,821 - log - INFO - Routine Check: ScriptStateType.POST_MODS_INSTALL finished
2024-07-25 00:54:26,852 - log - INFO - Routine Check: ScriptStateType.PRE_ALL is running
2024-07-25 00:54:26,869 - log - INFO - Routine Check: ScriptStateType.PRE_ALL finished
2024-07-25 00:54:26,869 - log - INFO - Routine Check: ScriptStateType.POST_ALL is running
2024-07-25 00:54:26,869 - log - INFO - Routine Check: ScriptStateType.POST_ALL finished
2024-07-25 00:54:26,883 - log - INFO - Script State: changed to ScriptStateType.PRE_GAME_LAUNCH
2024-07-25 00:54:26,915 - log - INFO - Routine Check: ScriptStateType.PRE_GAME_LAUNCH is running
2024-07-25 00:54:26,946 - log - INFO - Routine Check: ScriptStateType.PRE_GAME_LAUNCH finished
2024-07-25 00:54:26,977 - log - INFO - Routine Check: ScriptStateType.PRE_ALL is running
2024-07-25 00:54:27,007 - log - INFO - Routine Check: ScriptStateType.PRE_ALL finished
2024-07-25 00:54:27,040 - log - INFO - Routine Check: ScriptStateType.POST_ALL is running
2024-07-25 00:54:27,074 - log - INFO - Routine Check: ScriptStateType.POST_ALL finished
2024-07-25 00:54:27,117 - log - INFO - Command: C:\Program Files (x86)\Steam\steam.exe -applaunch 1037080 -fileopenlog -NOSPLASH started with the ExecutionMode.ASYNC enum
2024-07-25 00:54:27,257 - log - INFO - Thread: Game Monitoring Thread Started
2024-07-25 00:54:31,816 - log - INFO - Process: Found Game Process
2024-07-25 00:54:36,345 - log - INFO - Window: Game Window Found
2024-07-25 00:54:36,346 - log - INFO - Script State: changed to ScriptStateType.POST_GAME_LAUNCH
2024-07-25 00:54:36,346 - log - INFO - Routine Check: ScriptStateType.POST_GAME_LAUNCH is running
2024-07-25 00:54:36,347 - log - INFO - Routine Check: ScriptStateType.POST_GAME_LAUNCH finished
2024-07-25 00:54:36,347 - log - INFO - Routine Check: ScriptStateType.PRE_ALL is running
2024-07-25 00:54:36,347 - log - INFO - Routine Check: ScriptStateType.PRE_ALL finished
2024-07-25 00:54:36,347 - log - INFO - Routine Check: ScriptStateType.POST_ALL is running
2024-07-25 00:54:36,347 - log - INFO - Routine Check: ScriptStateType.POST_ALL finished
2024-07-25 00:55:48,020 - log - INFO - Window: Game Window Closed
2024-07-25 00:55:48,021 - log - INFO - Script State: changed to ScriptStateType.POST_GAME_CLOSE
2024-07-25 00:55:48,021 - log - INFO - Routine Check: ScriptStateType.POST_GAME_CLOSE is running
2024-07-25 00:55:48,021 - log - INFO - Routine Check: ScriptStateType.POST_GAME_CLOSE finished
2024-07-25 00:55:48,021 - log - INFO - Routine Check: ScriptStateType.PRE_ALL is running
2024-07-25 00:55:48,021 - log - INFO - Routine Check: ScriptStateType.PRE_ALL finished
2024-07-25 00:55:48,021 - log - INFO - Routine Check: ScriptStateType.POST_ALL is running
2024-07-25 00:55:48,021 - log - INFO - Routine Check: ScriptStateType.POST_ALL finished
2024-07-25 00:55:48,021 - log - INFO - Thread: Game Monitoring Thread Ended
